<?xml version="1.0" encoding="UTF-8"?>
<!-- Generated by org.testng.reporters.JUnitReportReporter -->
<testsuite hostname="DESKTOP-UJ7KA06" failures="0" tests="1" name="crm_com_pom.test1" time="30.020" errors="0" timestamp="2021-12-16T17:45:13 IST" skipped="0">
  <testcase classname="crm_com_pom.test1" name="tc1" time="30.020"/>
  <system-out/>
</testsuite> <!-- crm_com_pom.test1 -->
